<?xml version="1.0" encoding="UTF-8"?>
<!-- Generated by org.testng.reporters.JUnitReportReporter -->
<testsuite hostname="Jishu" failures="0" tests="1" name="sample.Sample2$Sample1" time="0.005" errors="0" timestamp="2024-08-28T08:31:25 IST" skipped="0">
  <testcase classname="sample.Sample2$Sample1" name="createUser" time="0.005"/>
  <system-out/>
</testsuite> <!-- sample.Sample2$Sample1 -->
