<?xml version="1.0" encoding="UTF-8"?>
<!-- Generated by org.testng.reporters.JUnitReportReporter -->
<testsuite hostname="Jishu" failures="0" tests="5" name="sample.Sample3" time="0.009" errors="0" timestamp="2024-08-28T08:29:12 IST" skipped="0">
  <testcase classname="sample.Sample3" name="createUser" time="0.001"/>
  <system-out/>
  <testcase classname="sample.Sample3" name="createUser" time="0.001"/>
  <system-out/>
  <testcase classname="sample.Sample3" name="createUser" time="0.000"/>
  <system-out/>
  <testcase classname="sample.Sample3" name="createUser" time="0.001"/>
  <system-out/>
  <testcase classname="sample.Sample3" name="createUser" time="0.006"/>
  <system-out/>
</testsuite> <!-- sample.Sample3 -->
