<?xml version="1.0" encoding="UTF-8"?>
<!-- Generated by org.testng.reporters.JUnitReportReporter -->
<testsuite hostname="Jishu" failures="0" tests="1" name="tc_Repository.ORG_04" time="16.177" errors="0" timestamp="2024-08-31T00:32:00 IST" skipped="0">
  <testcase classname="tc_Repository.ORG_04" name="ORG_4Case" time="16.177"/>
  <system-out/>
</testsuite> <!-- tc_Repository.ORG_04 -->
