<?xml version="1.0" encoding="UTF-8"?>
<!-- Generated by org.testng.reporters.JUnitReportReporter -->
<testsuite hostname="Jishu" failures="0" tests="1" name="tc_Repository.LE_03" time="23.107" errors="0" timestamp="2024-08-30T08:48:26 IST" skipped="0">
  <testcase classname="tc_Repository.LE_03" name="le_01Case" time="23.107"/>
  <system-out/>
</testsuite> <!-- tc_Repository.LE_03 -->
