<?xml version="1.0" encoding="UTF-8"?>
<!-- Generated by org.testng.reporters.JUnitReportReporter -->
<testsuite hostname="Jishu" failures="0" tests="3" name="sample.Sample1" time="0.009" errors="0" timestamp="2024-08-28T08:31:42 IST" skipped="0">
  <testcase classname="sample.Sample1" name="deleteUser" time="0.001"/>
  <system-out/>
  <testcase classname="sample.Sample1" name="modifyUser" time="0.001"/>
  <system-out/>
  <testcase classname="sample.Sample1" name="createUser" time="0.007"/>
  <system-out/>
</testsuite> <!-- sample.Sample1 -->
