<?xml version="1.0" encoding="UTF-8"?>
<!-- Generated by org.testng.reporters.JUnitReportReporter -->
<testsuite hostname="Jishu" failures="0" tests="1" name="tc_Repository.LE_04" time="23.627" errors="0" timestamp="2024-08-30T09:56:29 IST" skipped="0">
  <testcase classname="tc_Repository.LE_04" name="le_01Case" time="23.627"/>
  <system-out/>
</testsuite> <!-- tc_Repository.LE_04 -->
