<?xml version="1.0" encoding="UTF-8"?>
<!-- Generated by org.testng.reporters.JUnitReportReporter -->
<testsuite hostname="Jishu" failures="0" tests="7" name="sample.Sample3$Sample1" time="0.013" errors="0" timestamp="2024-08-27T15:47:23 IST" skipped="0">
  <testcase classname="sample.Sample3$Sample1" name="deleteUser" time="0.008"/>
  <system-out/>
  <testcase classname="sample.Sample3$Sample1" name="modifyUser" time="0.001"/>
  <system-out/>
  <testcase classname="sample.Sample3$Sample1" name="createUser" time="0.001"/>
  <system-out/>
  <testcase classname="sample.Sample3$Sample1" name="createUser" time="0.000"/>
  <system-out/>
  <testcase classname="sample.Sample3$Sample1" name="createUser" time="0.001"/>
  <system-out/>
  <testcase classname="sample.Sample3$Sample1" name="createUser" time="0.001"/>
  <system-out/>
  <testcase classname="sample.Sample3$Sample1" name="createUser" time="0.001"/>
  <system-out/>
</testsuite> <!-- sample.Sample3$Sample1 -->
